<?xml version="1.0" encoding="UTF-8"?>
<testsuite xmlns:xsi="http://www.w3.org/2001/XMLSchema-instance" xsi:noNamespaceSchemaLocation="https://maven.apache.org/surefire/maven-surefire-plugin/xsd/surefire-test-report.xsd" name="TestSuite" time="209.271" tests="6" errors="0" skipped="1" failures="0">
  <properties>
[...]
</properties>
  <testcase name="login" classname="com.w2a.Testcases.Login" time="11.754"/>
  <testcase name="addCustomerTest" classname="com.w2a.Testcases.AddCustomerTest" time="12.348"/>
  <testcase name="addCustomerTest" classname="com.w2a.Testcases.AddCustomerTest" time="8.543"/>
  <testcase name="addCustomerTest" classname="com.w2a.Testcases.AddCustomerTest" time="8.573"/>
  <testcase name="addCustomerTest" classname="com.w2a.Testcases.AddCustomerTest" time="0">
    <skipped message="Skipped the Test case with Test the Test Data with Runmore as &apos;N&apos; "/>
    <system-out><![CDATA[Method Name=addCustomerTest
3
3
Is Runnable Test NameLogin
Is Runnable Test NameAddCustomerTest
Y
]]></system-out>
  </testcase>
  <testcase name="openAccountTest" classname="com.w2a.Testcases.OpenAccountTest" time="4.899"/>
</testsuite>