<?xml version="1.0" encoding="UTF-8"?>
<testng-results skipped="1" failed="0" ignored="0" total="6" passed="5">
  <reporter-output>
  </reporter-output>
  <suite name="DataDrivenSuite" duration-ms="47637" started-at="2019-01-01T12:36:47Z" finished-at="2019-01-01T12:37:35Z">
    <groups>
    </groups>
    <test name="LoginTest" duration-ms="12579" started-at="2019-01-01T12:36:47Z" finished-at="2019-01-01T12:37:00Z">
      <class name="com.w2a.Testcases.Login">
        <test-method status="PASS" signature="login()[pri:0, instance:com.w2a.Testcases.Login@1ebd319f]" name="login" duration-ms="11751" started-at="2019-01-01T12:36:47Z" finished-at="2019-01-01T12:36:59Z">
          <reporter-output>
          </reporter-output>
        </test-method> <!-- login -->
      </class> <!-- com.w2a.Testcases.Login -->
    </test> <!-- LoginTest -->
    <test name="AddCustomerTest" duration-ms="29832" started-at="2019-01-01T12:37:00Z" finished-at="2019-01-01T12:37:30Z">
      <class name="com.w2a.Testcases.AddCustomerTest">
        <test-method status="PASS" signature="addCustomerTest(java.util.Hashtable)[pri:0, instance:com.w2a.Testcases.AddCustomerTest@3e96bacf]" name="addCustomerTest" duration-ms="12349" started-at="2019-01-01T12:37:00Z" data-provider="dp" finished-at="2019-01-01T12:37:12Z">
          <params>
            <param index="0">
              <value>
                <![CDATA[{postCode=700068, alerttext=Customer added successfully, lastName=Aurora, firstName=Raman, runmode=Y}]]>
              </value>
            </param>
          </params>
          <reporter-output>
          </reporter-output>
        </test-method> <!-- addCustomerTest -->
        <test-method status="PASS" signature="addCustomerTest(java.util.Hashtable)[pri:0, instance:com.w2a.Testcases.AddCustomerTest@3e96bacf]" name="addCustomerTest" duration-ms="8545" started-at="2019-01-01T12:37:12Z" data-provider="dp" finished-at="2019-01-01T12:37:21Z">
          <params>
            <param index="0">
              <value>
                <![CDATA[{postCode=700068, alerttext=Customer added successfully, lastName=Aurora, firstName=Raman1, runmode=Y}]]>
              </value>
            </param>
          </params>
          <reporter-output>
          </reporter-output>
        </test-method> <!-- addCustomerTest -->
        <test-method status="PASS" signature="addCustomerTest(java.util.Hashtable)[pri:0, instance:com.w2a.Testcases.AddCustomerTest@3e96bacf]" name="addCustomerTest" duration-ms="8576" started-at="2019-01-01T12:37:21Z" data-provider="dp" finished-at="2019-01-01T12:37:30Z">
          <params>
            <param index="0">
              <value>
                <![CDATA[{postCode=700068, alerttext=Customer added successfully, lastName=Aurora, firstName=Raman2, runmode=Y}]]>
              </value>
            </param>
          </params>
          <reporter-output>
          </reporter-output>
        </test-method> <!-- addCustomerTest -->
        <test-method status="SKIP" signature="addCustomerTest(java.util.Hashtable)[pri:0, instance:com.w2a.Testcases.AddCustomerTest@3e96bacf]" name="addCustomerTest" duration-ms="3" started-at="2019-01-01T12:37:30Z" data-provider="dp" finished-at="2019-01-01T12:37:30Z">
          <params>
            <param index="0">
              <value>
                <![CDATA[{postCode=700068, alerttext=Customer added successfully, lastName=Aurora, firstName=Rohit, runmode=N}]]>
              </value>
            </param>
          </params>
          <exception class="org.testng.SkipException">
            <message>
              <![CDATA[Skipped the Test case with Test the Test Data with Runmore as 'N' ]]>
            </message>
            <full-stacktrace>
              <![CDATA[org.testng.SkipException: Skipped the Test case with Test the Test Data with Runmore as 'N' 
at com.w2a.Testcases.AddCustomerTest.addCustomerTest(AddCustomerTest.java:56)
at sun.reflect.NativeMethodAccessorImpl.invoke0(Native Method)
at sun.reflect.NativeMethodAccessorImpl.invoke(NativeMethodAccessorImpl.java:62)
at sun.reflect.DelegatingMethodAccessorImpl.invoke(DelegatingMethodAccessorImpl.java:43)
at java.lang.reflect.Method.invoke(Method.java:498)
at org.testng.internal.MethodInvocationHelper.invokeMethod(MethodInvocationHelper.java:124)
at org.testng.internal.Invoker.invokeMethod(Invoker.java:583)
at org.testng.internal.Invoker.invokeTestMethod(Invoker.java:719)
at org.testng.internal.Invoker.invokeTestMethods(Invoker.java:989)
at org.testng.internal.TestMethodWorker.invokeTestMethods(TestMethodWorker.java:125)
at org.testng.internal.TestMethodWorker.run(TestMethodWorker.java:109)
at org.testng.TestRunner.privateRun(TestRunner.java:648)
at org.testng.TestRunner.run(TestRunner.java:505)
at org.testng.SuiteRunner.runTest(SuiteRunner.java:455)
at org.testng.SuiteRunner.runSequentially(SuiteRunner.java:450)
at org.testng.SuiteRunner.privateRun(SuiteRunner.java:415)
at org.testng.SuiteRunner.run(SuiteRunner.java:364)
at org.testng.SuiteRunnerWorker.runSuite(SuiteRunnerWorker.java:52)
at org.testng.SuiteRunnerWorker.run(SuiteRunnerWorker.java:84)
at org.testng.TestNG.runSuitesSequentially(TestNG.java:1208)
at org.testng.TestNG.runSuitesLocally(TestNG.java:1137)
at org.testng.TestNG.runSuites(TestNG.java:1049)
at org.testng.TestNG.run(TestNG.java:1017)
at org.apache.maven.surefire.testng.TestNGExecutor.run(TestNGExecutor.java:283)
at org.apache.maven.surefire.testng.TestNGXmlTestSuite.execute(TestNGXmlTestSuite.java:75)
at org.apache.maven.surefire.testng.TestNGProvider.invoke(TestNGProvider.java:120)
at org.apache.maven.surefire.booter.ForkedBooter.invokeProviderInSameClassLoader(ForkedBooter.java:384)
at org.apache.maven.surefire.booter.ForkedBooter.runSuitesInProcess(ForkedBooter.java:345)
at org.apache.maven.surefire.booter.ForkedBooter.execute(ForkedBooter.java:126)
at org.apache.maven.surefire.booter.ForkedBooter.main(ForkedBooter.java:418)
]]>
            </full-stacktrace>
          </exception> <!-- org.testng.SkipException -->
          <reporter-output>
          </reporter-output>
        </test-method> <!-- addCustomerTest -->
      </class> <!-- com.w2a.Testcases.AddCustomerTest -->
    </test> <!-- AddCustomerTest -->
    <test name="OpenAccountTest" duration-ms="4971" started-at="2019-01-01T12:37:30Z" finished-at="2019-01-01T12:37:35Z">
      <class name="com.w2a.Testcases.OpenAccountTest">
        <test-method status="PASS" signature="setUp()[pri:0, instance:com.w2a.Testcases.OpenAccountTest@55740540]" name="setUp" is-config="true" duration-ms="157982" started-at="2019-01-01T12:34:09Z" finished-at="2019-01-01T12:36:47Z">
          <reporter-output>
          </reporter-output>
        </test-method> <!-- setUp -->
        <test-method status="PASS" signature="openAccountTest(java.util.Hashtable)[pri:0, instance:com.w2a.Testcases.OpenAccountTest@55740540]" name="openAccountTest" duration-ms="4900" started-at="2019-01-01T12:37:30Z" data-provider="dp" finished-at="2019-01-01T12:37:35Z">
          <params>
            <param index="0">
              <value>
                <![CDATA[{Currency=Rupee, Customer=Hermoine Granger}]]>
              </value>
            </param>
          </params>
          <reporter-output>
          </reporter-output>
        </test-method> <!-- openAccountTest -->
        <test-method status="PASS" signature="TearDown()[pri:0, instance:com.w2a.Testcases.OpenAccountTest@55740540]" name="TearDown" is-config="true" duration-ms="1262" started-at="2019-01-01T12:37:35Z" finished-at="2019-01-01T12:37:36Z">
          <reporter-output>
          </reporter-output>
        </test-method> <!-- TearDown -->
      </class> <!-- com.w2a.Testcases.OpenAccountTest -->
    </test> <!-- OpenAccountTest -->
  </suite> <!-- DataDrivenSuite -->
</testng-results>
