<?xml version="1.0" encoding="UTF-8"?>
<testsuite name="AddCustomerTest"
           tests="4"
           failures="0"
           errors="0"
           skipped="1"
           time="29.473">
  <properties />
  
            <testcase name="addCustomerTest" time="0.0" classname="com.w2a.Testcases.AddCustomerTest">
          <skipped />
    </testcase>
  
            <testcase name="addCustomerTest" time="8.576" classname="com.w2a.Testcases.AddCustomerTest" />
                <testcase name="addCustomerTest" time="8.545" classname="com.w2a.Testcases.AddCustomerTest" />
                <testcase name="addCustomerTest" time="12.349" classname="com.w2a.Testcases.AddCustomerTest" />
      
</testsuite>
