<?xml version="1.0" encoding="UTF-8"?>
<!-- Generated by org.testng.reporters.JUnitXMLReporter -->
<testsuite hostname="DESKTOP-PCG3QI7" ignored="0" name="LoginTest" tests="1" failures="1" timestamp="09 Dec 2018 11:50:40 GMT" time="6.22" errors="0">
  <testcase name="loginAsBankManager" time="6.037" classname="com.w2a.Testcases.Login">
    <failure type="java.lang.AssertionError" message="Login Failed">
      <![CDATA[java.lang.AssertionError: Login Failed
at com.w2a.Testcases.Login.loginAsBankManager(Login.java:22)
... Removed 26 stack frames]]>
    </failure>
  </testcase> <!-- loginAsBankManager -->
</testsuite> <!-- LoginTest -->
